<?xml version="1.0" encoding="UTF-8"?>
<!-- Generated by org.testng.reporters.JUnitXMLReporter -->
<testsuite ignored="0" hostname="LTIN717842" failures="1" tests="1" name="Flight Reservation Chrome" time="32.06" errors="0" timestamp="2026-03-31T08:48:59 IST">
  <testcase classname="tests.FlightReservationTest" name="testFlightReservation" time="4.549">
    <failure type="java.lang.AssertionError" message="Search results not displayed expected [true] but found [false]">
      <![CDATA[java.lang.AssertionError: Search results not displayed expected [true] but found [false]
at tests.FlightReservationTest.testFlightReservation(FlightReservationTest.java:24)
at java.base/java.util.ArrayList.forEach(ArrayList.java:1596)
... Removed 28 stack frames]]>
    </failure>
  </testcase> <!-- testFlightReservation -->
</testsuite> <!-- Flight Reservation Chrome -->
