<?xml version="1.0" encoding="UTF-8"?>
<!-- Generated by org.testng.reporters.JUnitXMLReporter -->
<testsuite ignored="0" hostname="LTIN717842" failures="1" tests="1" name="Reservation Test Chrome" time="36.359" errors="0" timestamp="2026-03-31T09:25:23 IST">
  <testcase classname="tests.FlightReservationTest" name="testFlightReservation" time="18.74">
    <failure type="java.lang.AssertionError" message="Search results not displayed expected [true] but found [false]">
      <![CDATA[java.lang.AssertionError: Search results not displayed expected [true] but found [false]
at tests.FlightReservationTest.testFlightReservation(FlightReservationTest.java:44)
at java.base/java.util.ArrayList.forEach(ArrayList.java:1596)
... Removed 28 stack frames]]>
    </failure>
  </testcase> <!-- testFlightReservation -->
</testsuite> <!-- Reservation Test Chrome -->
